2021-03-23T04:29:18+00:00 CRITICAL Uncaught Error: Call to undefined function twentytwentyone_the_html_classes() in /opt/lampp/htdocs/paidsurvey/wp-content/themes/nextpage/header.php:16
Stack trace:
#0 /opt/lampp/htdocs/paidsurvey/wp-includes/template.php(730): require_once()
#1 /opt/lampp/htdocs/paidsurvey/wp-includes/template.php(676): load_template('/opt/lampp/htdo...', true, Array)
#2 /opt/lampp/htdocs/paidsurvey/wp-includes/general-template.php(48): locate_template(Array, true, true, Array)
#3 /opt/lampp/htdocs/paidsurvey/wp-content/themes/nextpage/page.php(12): get_header()
#4 /opt/lampp/htdocs/paidsurvey/wp-includes/template-loader.php(106): include('/opt/lampp/htdo...')
#5 /opt/lampp/htdocs/paidsurvey/wp-blog-header.php(19): require_once('/opt/lampp/htdo...')
#6 /opt/lampp/htdocs/paidsurvey/index.php(17): require('/opt/lampp/htdo...')
#7 {main}
  thrown in /opt/lampp/htdocs/paidsurvey/wp-content/themes/nextpage/header.php on line 16

2021-03-23T04:32:24+00:00 CRITICAL Uncaught Error: Call to undefined function twenty_twenty_one_post_thumbnail() in /opt/lampp/htdocs/paidsurvey/wp-content/themes/nextpage/template-parts/content/content-single.php:18
Stack trace:
#0 /opt/lampp/htdocs/paidsurvey/wp-includes/template.php(732): require()
#1 /opt/lampp/htdocs/paidsurvey/wp-includes/template.php(676): load_template('/opt/lampp/htdo...', false, Array)
#2 /opt/lampp/htdocs/paidsurvey/wp-includes/general-template.php(204): locate_template(Array, true, false, Array)
#3 /opt/lampp/htdocs/paidsurvey/wp-content/themes/nextpage/single.php(18): get_template_part('template-parts/...')
#4 /opt/lampp/htdocs/paidsurvey/wp-includes/template-loader.php(106): include('/opt/lampp/htdo...')
#5 /opt/lampp/htdocs/paidsurvey/wp-blog-header.php(19): require_once('/opt/lampp/htdo...')
#6 /opt/lampp/htdocs/paidsurvey/index.php(17): require('/opt/lampp/htdo...')
#7 {main}
  thrown in /opt/lampp/htdocs/paidsurvey/wp-content/themes/nextpage/template-parts/content/content-single.php on line 18

2021-03-23T06:47:14+00:00 CRITICAL syntax error, unexpected '&', expecting end of file in /opt/lampp/htdocs/paidsurvey/wp-content/themes/nextpageit/header.php on line 20

2021-03-23T06:53:12+00:00 CRITICAL syntax error, unexpected '{', expecting '(' in /opt/lampp/htdocs/paidsurvey/wp-content/themes/nextpageit/functions.php on line 645

2021-03-23T06:53:28+00:00 CRITICAL syntax error, unexpected '<', expecting end of file in /opt/lampp/htdocs/paidsurvey/wp-content/themes/nextpageit/header.php on line 20

2021-03-23T06:58:07+00:00 CRITICAL syntax error, unexpected '$arrMenu' (T_VARIABLE), expecting '(' in /opt/lampp/htdocs/paidsurvey/wp-content/themes/nextpageit/header.php on line 22

2021-03-23T07:05:43+00:00 CRITICAL Uncaught ArgumentCountError: Too few arguments to function getSearchForm(), 0 passed in /opt/lampp/htdocs/paidsurvey/wp-content/themes/nextpageit/header.php on line 32 and exactly 1 expected in /opt/lampp/htdocs/paidsurvey/wp-content/themes/nextpageit/functions.php:673
Stack trace:
#0 /opt/lampp/htdocs/paidsurvey/wp-content/themes/nextpageit/header.php(32): getSearchForm()
#1 /opt/lampp/htdocs/paidsurvey/wp-includes/template.php(730): require_once('/opt/lampp/htdo...')
#2 /opt/lampp/htdocs/paidsurvey/wp-includes/template.php(676): load_template('/opt/lampp/htdo...', true, Array)
#3 /opt/lampp/htdocs/paidsurvey/wp-includes/general-template.php(48): locate_template(Array, true, true, Array)
#4 /opt/lampp/htdocs/paidsurvey/wp-content/themes/nextpageit/tp-home.php(5): get_header()
#5 /opt/lampp/htdocs/paidsurvey/wp-includes/template-loader.php(106): include('/opt/lampp/htdo...')
#6 /opt/lampp/htdocs/paidsurvey/wp-blog-header.php(19): require_once('/opt/lampp/htdo...')
#7 /opt/lampp/htdocs/paidsurvey/index.php(17) in /opt/lampp/htdocs/paidsurvey/wp-content/themes/nextpageit/functions.php on line 673

2021-03-23T07:56:10+00:00 CRITICAL Uncaught Error: Call to undefined function wp_eneqeue_style() in /opt/lampp/htdocs/paidsurvey/wp-content/themes/nextpageit/functions.php:18
Stack trace:
#0 /opt/lampp/htdocs/paidsurvey/wp-includes/class-wp-hook.php(292): themeStyles('')
#1 /opt/lampp/htdocs/paidsurvey/wp-includes/class-wp-hook.php(316): WP_Hook->apply_filters(NULL, Array)
#2 /opt/lampp/htdocs/paidsurvey/wp-includes/plugin.php(484): WP_Hook->do_action(Array)
#3 /opt/lampp/htdocs/paidsurvey/wp-includes/script-loader.php(2027): do_action('wp_enqueue_scri...')
#4 /opt/lampp/htdocs/paidsurvey/wp-includes/class-wp-hook.php(292): wp_enqueue_scripts('')
#5 /opt/lampp/htdocs/paidsurvey/wp-includes/class-wp-hook.php(316): WP_Hook->apply_filters(NULL, Array)
#6 /opt/lampp/htdocs/paidsurvey/wp-includes/plugin.php(484): WP_Hook->do_action(Array)
#7 /opt/lampp/htdocs/paidsurvey/wp-includes/general-template.php(3009): do_action('wp_head')
#8 /opt/lampp/htdocs/paidsurvey/wp-content/themes/nextpageit/header.php(6): wp_head()
#9 /opt/lampp/htdocs/paidsurvey/wp in /opt/lampp/htdocs/paidsurvey/wp-content/themes/nextpageit/functions.php on line 18

2021-03-23T07:57:01+00:00 CRITICAL Uncaught Error: Call to undefined function wp_eneqeue_style() in /opt/lampp/htdocs/paidsurvey/wp-content/themes/nextpageit/functions.php:18
Stack trace:
#0 /opt/lampp/htdocs/paidsurvey/wp-includes/class-wp-hook.php(292): themeStyles('')
#1 /opt/lampp/htdocs/paidsurvey/wp-includes/class-wp-hook.php(316): WP_Hook->apply_filters(NULL, Array)
#2 /opt/lampp/htdocs/paidsurvey/wp-includes/plugin.php(484): WP_Hook->do_action(Array)
#3 /opt/lampp/htdocs/paidsurvey/wp-includes/script-loader.php(2027): do_action('wp_enqueue_scri...')
#4 /opt/lampp/htdocs/paidsurvey/wp-includes/class-wp-hook.php(292): wp_enqueue_scripts('')
#5 /opt/lampp/htdocs/paidsurvey/wp-includes/class-wp-hook.php(316): WP_Hook->apply_filters(NULL, Array)
#6 /opt/lampp/htdocs/paidsurvey/wp-includes/plugin.php(484): WP_Hook->do_action(Array)
#7 /opt/lampp/htdocs/paidsurvey/wp-includes/general-template.php(3009): do_action('wp_head')
#8 /opt/lampp/htdocs/paidsurvey/wp-content/themes/nextpageit/header.php(6): wp_head()
#9 /opt/lampp/htdocs/paidsurvey/wp in /opt/lampp/htdocs/paidsurvey/wp-content/themes/nextpageit/functions.php on line 18

2021-03-23T07:57:13+00:00 CRITICAL Uncaught Error: Call to undefined function wp_eneqeue_style() in /opt/lampp/htdocs/paidsurvey/wp-content/themes/nextpageit/functions.php:18
Stack trace:
#0 /opt/lampp/htdocs/paidsurvey/wp-includes/class-wp-hook.php(292): themeStyles('')
#1 /opt/lampp/htdocs/paidsurvey/wp-includes/class-wp-hook.php(316): WP_Hook->apply_filters(NULL, Array)
#2 /opt/lampp/htdocs/paidsurvey/wp-includes/plugin.php(484): WP_Hook->do_action(Array)
#3 /opt/lampp/htdocs/paidsurvey/wp-includes/script-loader.php(2027): do_action('wp_enqueue_scri...')
#4 /opt/lampp/htdocs/paidsurvey/wp-includes/class-wp-hook.php(292): wp_enqueue_scripts('')
#5 /opt/lampp/htdocs/paidsurvey/wp-includes/class-wp-hook.php(316): WP_Hook->apply_filters(NULL, Array)
#6 /opt/lampp/htdocs/paidsurvey/wp-includes/plugin.php(484): WP_Hook->do_action(Array)
#7 /opt/lampp/htdocs/paidsurvey/wp-includes/general-template.php(3009): do_action('wp_head')
#8 /opt/lampp/htdocs/paidsurvey/wp-content/themes/nextpageit/header.php(6): wp_head()
#9 /opt/lampp/htdocs/paidsurvey/wp in /opt/lampp/htdocs/paidsurvey/wp-content/themes/nextpageit/functions.php on line 18

2021-03-23T10:34:59+00:00 CRITICAL syntax error, unexpected '<', expecting end of file in /opt/lampp/htdocs/paidsurvey/wp-content/themes/nextpageit/tp-home.php on line 8

2021-03-23T10:57:00+00:00 CRITICAL Uncaught Error: Call to undefined function get_paginated_numbers() in /opt/lampp/htdocs/paidsurvey/wp-content/themes/nextpageit/functions.php:33
Stack trace:
#0 /opt/lampp/htdocs/paidsurvey/wp-includes/shortcodes.php(343): {closure}('', '', 'paginate_shortc...')
#1 [internal function]: do_shortcode_tag(Array)
#2 /opt/lampp/htdocs/paidsurvey/wp-includes/shortcodes.php(218): preg_replace_callback('/\\[(\\[?)(pagina...', 'do_shortcode_ta...', '\n[paginate_shor...')
#3 /opt/lampp/htdocs/paidsurvey/wp-includes/class-wp-hook.php(292): do_shortcode('\n[paginate_shor...')
#4 /opt/lampp/htdocs/paidsurvey/wp-includes/plugin.php(212): WP_Hook->apply_filters('\n[paginate_shor...', Array)
#5 /opt/lampp/htdocs/paidsurvey/wp-includes/rest-api/endpoints/class-wp-rest-posts-controller.php(1721): apply_filters('the_content', '<!-- wp:paragra...')
#6 /opt/lampp/htdocs/paidsurvey/wp-includes/rest-api/endpoints/class-wp-rest-posts-controller.php(835): WP_REST_Posts_Controller->prepare_item_for_response(Object(WP_Post), Object(WP_ in /opt/lampp/htdocs/paidsurvey/wp-content/themes/nextpageit/functions.php on line 33

2021-03-23T10:57:16+00:00 CRITICAL Uncaught Error: Call to undefined function get_paginated_numbers() in /opt/lampp/htdocs/paidsurvey/wp-content/themes/nextpageit/functions.php:33
Stack trace:
#0 /opt/lampp/htdocs/paidsurvey/wp-includes/shortcodes.php(343): {closure}('', '', 'paginate_shortc...')
#1 [internal function]: do_shortcode_tag(Array)
#2 /opt/lampp/htdocs/paidsurvey/wp-includes/shortcodes.php(218): preg_replace_callback('/\\[(\\[?)(pagina...', 'do_shortcode_ta...', '[paginate_short...')
#3 /opt/lampp/htdocs/paidsurvey/wp-includes/class-wp-hook.php(292): do_shortcode('[paginate_short...')
#4 /opt/lampp/htdocs/paidsurvey/wp-includes/plugin.php(212): WP_Hook->apply_filters('[paginate_short...', Array)
#5 /opt/lampp/htdocs/paidsurvey/wp-includes/rest-api/endpoints/class-wp-rest-posts-controller.php(1721): apply_filters('the_content', '[paginate_short...')
#6 /opt/lampp/htdocs/paidsurvey/wp-includes/rest-api/endpoints/class-wp-rest-posts-controller.php(835): WP_REST_Posts_Controller->prepare_item_for_response(Object(WP_Post), Object(WP_RES in /opt/lampp/htdocs/paidsurvey/wp-content/themes/nextpageit/functions.php on line 33

2021-03-23T11:00:51+00:00 CRITICAL Uncaught Error: Call to undefined function post_pagination() in /opt/lampp/htdocs/paidsurvey/wp-content/themes/nextpageit/tp-home.php:8
Stack trace:
#0 /opt/lampp/htdocs/paidsurvey/wp-includes/template-loader.php(106): include()
#1 /opt/lampp/htdocs/paidsurvey/wp-blog-header.php(19): require_once('/opt/lampp/htdo...')
#2 /opt/lampp/htdocs/paidsurvey/index.php(17): require('/opt/lampp/htdo...')
#3 {main}
  thrown in /opt/lampp/htdocs/paidsurvey/wp-content/themes/nextpageit/tp-home.php on line 8

2021-03-23T11:44:35+00:00 CRITICAL syntax error, unexpected '?>' in /opt/lampp/htdocs/paidsurvey/wp-content/themes/nextpageit/tp-home.php on line 21

2021-03-23T11:46:05+00:00 CRITICAL syntax error, unexpected 'else' (T_ELSE) in /opt/lampp/htdocs/paidsurvey/wp-content/themes/nextpageit/tp-home.php on line 26

2021-03-23T11:57:52+00:00 CRITICAL syntax error, unexpected 'else' (T_ELSE), expecting end of file in /opt/lampp/htdocs/paidsurvey/wp-content/themes/nextpageit/tp-home.php on line 34

2021-03-23T12:05:08+00:00 CRITICAL syntax error, unexpected '?>' in /opt/lampp/htdocs/paidsurvey/wp-content/themes/nextpageit/tp-home.php on line 24

2021-03-23T12:27:11+00:00 CRITICAL syntax error, unexpected ';', expecting ')' in /opt/lampp/htdocs/paidsurvey/wp-content/themes/nextpageit/tp-home.php on line 34

2021-03-23T12:31:02+00:00 CRITICAL syntax error, unexpected '"> ' (T_CONSTANT_ENCAPSED_STRING), expecting ',' or ';' in /opt/lampp/htdocs/paidsurvey/wp-content/themes/nextpageit/tp-home.php on line 43

2021-03-23T12:34:01+00:00 CRITICAL syntax error, unexpected '<' in /opt/lampp/htdocs/paidsurvey/wp-content/themes/nextpageit/tp-home.php on line 30

2021-03-23T12:34:25+00:00 CRITICAL syntax error, unexpected '<' in /opt/lampp/htdocs/paidsurvey/wp-content/themes/nextpageit/tp-home.php on line 30

2021-03-23T12:35:16+00:00 CRITICAL syntax error, unexpected '<' in /opt/lampp/htdocs/paidsurvey/wp-content/themes/nextpageit/tp-home.php on line 30

2021-03-23T12:35:32+00:00 CRITICAL syntax error, unexpected '<' in /opt/lampp/htdocs/paidsurvey/wp-content/themes/nextpageit/tp-home.php on line 31

2021-03-23T13:12:30+00:00 CRITICAL Uncaught Error: Call to undefined function pagination() in /opt/lampp/htdocs/paidsurvey/wp-content/themes/nextpageit/tp-home.php:53
Stack trace:
#0 /opt/lampp/htdocs/paidsurvey/wp-includes/template-loader.php(106): include()
#1 /opt/lampp/htdocs/paidsurvey/wp-blog-header.php(19): require_once('/opt/lampp/htdo...')
#2 /opt/lampp/htdocs/paidsurvey/index.php(17): require('/opt/lampp/htdo...')
#3 {main}
  thrown in /opt/lampp/htdocs/paidsurvey/wp-content/themes/nextpageit/tp-home.php on line 53

2021-03-23T13:18:02+00:00 CRITICAL syntax error, unexpected ';', expecting ')' in /opt/lampp/htdocs/paidsurvey/wp-content/themes/nextpageit/tp-home.php on line 27

2021-03-23T13:18:39+00:00 CRITICAL syntax error, unexpected ')' in /opt/lampp/htdocs/paidsurvey/wp-content/themes/nextpageit/tp-home.php on line 29

2021-03-23T13:19:14+00:00 CRITICAL syntax error, unexpected ';', expecting ')' in /opt/lampp/htdocs/paidsurvey/wp-content/themes/nextpageit/tp-home.php on line 28

2021-03-23T13:25:29+00:00 CRITICAL syntax error, unexpected ')' in /opt/lampp/htdocs/paidsurvey/wp-content/themes/nextpageit/tp-home.php on line 24

