2021-03-25T04:10:49+00:00 CRITICAL Uncaught Error: Call to undefined function getMainByMenu() in /opt/lampp/htdocs/paidsurvey/wp-content/themes/nextpageit/header.php:29
Stack trace:
#0 /opt/lampp/htdocs/paidsurvey/wp-includes/template.php(730): require_once()
#1 /opt/lampp/htdocs/paidsurvey/wp-includes/template.php(676): load_template('/opt/lampp/htdo...', true, Array)
#2 /opt/lampp/htdocs/paidsurvey/wp-includes/general-template.php(48): locate_template(Array, true, true, Array)
#3 /opt/lampp/htdocs/paidsurvey/wp-content/themes/nextpageit/page.php(12): get_header()
#4 /opt/lampp/htdocs/paidsurvey/wp-includes/template-loader.php(106): include('/opt/lampp/htdo...')
#5 /opt/lampp/htdocs/paidsurvey/wp-blog-header.php(19): require_once('/opt/lampp/htdo...')
#6 /opt/lampp/htdocs/paidsurvey/index.php(17): require('/opt/lampp/htdo...')
#7 {main}
  thrown in /opt/lampp/htdocs/paidsurvey/wp-content/themes/nextpageit/header.php on line 29

2021-03-25T04:12:30+00:00 CRITICAL Uncaught Error: Call to undefined function getMainByMenu() in /opt/lampp/htdocs/paidsurvey/wp-content/themes/nextpageit/footer.php:23
Stack trace:
#0 /opt/lampp/htdocs/paidsurvey/wp-includes/template.php(730): require_once()
#1 /opt/lampp/htdocs/paidsurvey/wp-includes/template.php(676): load_template('/opt/lampp/htdo...', true, Array)
#2 /opt/lampp/htdocs/paidsurvey/wp-includes/general-template.php(92): locate_template(Array, true, true, Array)
#3 /opt/lampp/htdocs/paidsurvey/wp-content/themes/nextpageit/page.php(29): get_footer()
#4 /opt/lampp/htdocs/paidsurvey/wp-includes/template-loader.php(106): include('/opt/lampp/htdo...')
#5 /opt/lampp/htdocs/paidsurvey/wp-blog-header.php(19): require_once('/opt/lampp/htdo...')
#6 /opt/lampp/htdocs/paidsurvey/index.php(17): require('/opt/lampp/htdo...')
#7 {main}
  thrown in /opt/lampp/htdocs/paidsurvey/wp-content/themes/nextpageit/footer.php on line 23

2021-03-25T04:13:00+00:00 CRITICAL Uncaught Error: Call to undefined function getMainByMenu() in /opt/lampp/htdocs/paidsurvey/wp-content/themes/nextpageit/footer.php:23
Stack trace:
#0 /opt/lampp/htdocs/paidsurvey/wp-includes/template.php(730): require_once()
#1 /opt/lampp/htdocs/paidsurvey/wp-includes/template.php(676): load_template('/opt/lampp/htdo...', true, Array)
#2 /opt/lampp/htdocs/paidsurvey/wp-includes/general-template.php(92): locate_template(Array, true, true, Array)
#3 /opt/lampp/htdocs/paidsurvey/wp-content/themes/nextpageit/page.php(29): get_footer()
#4 /opt/lampp/htdocs/paidsurvey/wp-includes/template-loader.php(106): include('/opt/lampp/htdo...')
#5 /opt/lampp/htdocs/paidsurvey/wp-blog-header.php(19): require_once('/opt/lampp/htdo...')
#6 /opt/lampp/htdocs/paidsurvey/index.php(17): require('/opt/lampp/htdo...')
#7 {main}
  thrown in /opt/lampp/htdocs/paidsurvey/wp-content/themes/nextpageit/footer.php on line 23

2021-03-25T04:57:52+00:00 CRITICAL syntax error, unexpected '<', expecting end of file in /opt/lampp/htdocs/paidsurvey/wp-content/themes/nextpageit/nextpage-templates/singlepost.php on line 7

2021-03-25T05:05:48+00:00 CRITICAL Uncaught ArgumentCountError: Too few arguments to function get_the_terms(), 1 passed in /opt/lampp/htdocs/paidsurvey/wp-content/themes/nextpageit/nextpage-templates/singlepost.php on line 7 and exactly 2 expected in /opt/lampp/htdocs/paidsurvey/wp-includes/category-template.php:1274
Stack trace:
#0 /opt/lampp/htdocs/paidsurvey/wp-content/themes/nextpageit/nextpage-templates/singlepost.php(7): get_the_terms(189)
#1 /opt/lampp/htdocs/paidsurvey/wp-includes/template.php(732): require('/opt/lampp/htdo...')
#2 /opt/lampp/htdocs/paidsurvey/wp-includes/template.php(676): load_template('/opt/lampp/htdo...', false, Array)
#3 /opt/lampp/htdocs/paidsurvey/wp-includes/general-template.php(204): locate_template(Array, true, false, Array)
#4 /opt/lampp/htdocs/paidsurvey/wp-content/themes/nextpageit/single.php(22): get_template_part('nextpage-templa...')
#5 /opt/lampp/htdocs/paidsurvey/wp-includes/template-loader.php(106): include('/opt/lampp/htdo...')
#6 /opt/lampp/htdocs/paidsurvey/wp-blog-header.php(19): require_once('/o in /opt/lampp/htdocs/paidsurvey/wp-includes/category-template.php on line 1274

2021-03-25T05:09:54+00:00 CRITICAL syntax error, unexpected ':' in /opt/lampp/htdocs/paidsurvey/wp-content/themes/nextpageit/nextpage-templates/singlepost.php on line 8

2021-03-25T05:13:03+00:00 CRITICAL syntax error, unexpected '"by "' (T_CONSTANT_ENCAPSED_STRING) in /opt/lampp/htdocs/paidsurvey/wp-content/themes/nextpageit/nextpage-templates/singlepost.php on line 12

2021-03-25T05:13:14+00:00 CRITICAL syntax error, unexpected 'the_author_meta' (T_STRING) in /opt/lampp/htdocs/paidsurvey/wp-content/themes/nextpageit/nextpage-templates/singlepost.php on line 12

2021-03-25T05:24:43+00:00 CRITICAL syntax error, unexpected 'echo' (T_ECHO) in /opt/lampp/htdocs/paidsurvey/wp-content/themes/nextpageit/tp-home.php on line 48

2021-03-25T05:24:56+00:00 CRITICAL syntax error, unexpected '}', expecting ',' or ';' in /opt/lampp/htdocs/paidsurvey/wp-content/themes/nextpageit/tp-home.php on line 48

2021-03-25T05:25:29+00:00 CRITICAL syntax error, unexpected '}', expecting ',' or ';' in /opt/lampp/htdocs/paidsurvey/wp-content/themes/nextpageit/tp-home.php on line 48

2021-03-25T05:38:02+00:00 CRITICAL Uncaught ArgumentCountError: Too few arguments to function contentFilter(), 2 passed in /opt/lampp/htdocs/paidsurvey/wp-content/themes/nextpageit/nextpage-templates/singlepost.php on line 34 and exactly 3 expected in /opt/lampp/htdocs/paidsurvey/wp-content/themes/nextpageit/functions.php:646
Stack trace:
#0 /opt/lampp/htdocs/paidsurvey/wp-content/themes/nextpageit/nextpage-templates/singlepost.php(34): contentFilter('<h4>Explicabo l...', false)
#1 /opt/lampp/htdocs/paidsurvey/wp-includes/template.php(732): require('/opt/lampp/htdo...')
#2 /opt/lampp/htdocs/paidsurvey/wp-includes/template.php(676): load_template('/opt/lampp/htdo...', false, Array)
#3 /opt/lampp/htdocs/paidsurvey/wp-includes/general-template.php(204): locate_template(Array, true, false, Array)
#4 /opt/lampp/htdocs/paidsurvey/wp-content/themes/nextpageit/single.php(22): get_template_part('nextpage-templa...')
#5 /opt/lampp/htdocs/paidsurvey/wp-includes/template-loader.php(106): include('/opt/lampp/htdo...')
#6 /opt/lampp/htdocs/paidsurvey/wp-blo in /opt/lampp/htdocs/paidsurvey/wp-content/themes/nextpageit/functions.php on line 646

2021-03-25T05:41:16+00:00 CRITICAL syntax error, unexpected 'if' (T_IF) in /opt/lampp/htdocs/paidsurvey/wp-content/themes/nextpageit/tp-home.php on line 66

2021-03-25T05:41:38+00:00 CRITICAL syntax error, unexpected 'if' (T_IF) in /opt/lampp/htdocs/paidsurvey/wp-content/themes/nextpageit/tp-home.php on line 66

2021-03-25T05:41:48+00:00 CRITICAL syntax error, unexpected '}', expecting ',' or ';' in /opt/lampp/htdocs/paidsurvey/wp-content/themes/nextpageit/tp-home.php on line 66

2021-03-25T05:41:50+00:00 CRITICAL syntax error, unexpected '}', expecting ',' or ';' in /opt/lampp/htdocs/paidsurvey/wp-content/themes/nextpageit/tp-home.php on line 66

2021-03-25T08:41:11+00:00 CRITICAL syntax error, unexpected '<' in /opt/lampp/htdocs/paidsurvey/wp-content/themes/nextpageit/tp-home.php on line 44

2021-03-25T08:50:15+00:00 CRITICAL syntax error, unexpected '<' in /opt/lampp/htdocs/paidsurvey/wp-content/themes/nextpageit/archive.php on line 28

2021-03-25T12:02:46+00:00 CRITICAL Object of class WP_Query could not be converted to string in /opt/lampp/htdocs/paidsurvey/wp-includes/general-template.php on line 184

2021-03-25T12:02:47+00:00 CRITICAL Object of class WP_Query could not be converted to string in /opt/lampp/htdocs/paidsurvey/wp-includes/general-template.php on line 184

