2021-03-30T05:09:53+00:00 CRITICAL syntax error, unexpected 'font' (T_STRING) in /opt/lampp/htdocs/paidsurvey/wp-content/themes/nextpageit/functions.php on line 22

2021-03-30T05:10:05+00:00 CRITICAL Uncaught Error: Call to undefined function get_template_directory_url() in /opt/lampp/htdocs/paidsurvey/wp-content/themes/nextpageit/functions.php:18
Stack trace:
#0 /opt/lampp/htdocs/paidsurvey/wp-includes/class-wp-hook.php(292): includeThemeControllers('')
#1 /opt/lampp/htdocs/paidsurvey/wp-includes/class-wp-hook.php(316): WP_Hook->apply_filters(NULL, Array)
#2 /opt/lampp/htdocs/paidsurvey/wp-includes/plugin.php(484): WP_Hook->do_action(Array)
#3 /opt/lampp/htdocs/paidsurvey/wp-settings.php(560): do_action('init')
#4 /opt/lampp/htdocs/paidsurvey/wp-config.php(90): require_once('/opt/lampp/htdo...')
#5 /opt/lampp/htdocs/paidsurvey/wp-load.php(37): require_once('/opt/lampp/htdo...')
#6 /opt/lampp/htdocs/paidsurvey/wp-blog-header.php(13): require_once('/opt/lampp/htdo...')
#7 /opt/lampp/htdocs/paidsurvey/index.php(17): require('/opt/lampp/htdo...')
#8 {main}
  thrown in /opt/lampp/htdocs/paidsurvey/wp-content/themes/nextpageit/functions.php on line 18

2021-03-30T05:10:30+00:00 CRITICAL require_once(): Failed opening required 'http://localhost/paidsurvey/wp-content/themes/nextpageit/controllers/theme_controller.php' (include_path='.:/opt/lampp/lib/php') in /opt/lampp/htdocs/paidsurvey/wp-content/themes/nextpageit/functions.php on line 18

2021-03-30T05:21:51+00:00 CRITICAL syntax error, unexpected ';', expecting ')' in /opt/lampp/htdocs/paidsurvey/wp-content/themes/nextpageit/archive.php on line 18

2021-03-30T05:32:24+00:00 CRITICAL syntax error, unexpected 'public' (T_PUBLIC), expecting end of file in /opt/lampp/htdocs/paidsurvey/wp-content/themes/nextpageit/controllers/theme_controller.php on line 21

2021-03-30T05:34:48+00:00 CRITICAL syntax error, unexpected 'if' (T_IF) in /opt/lampp/htdocs/paidsurvey/wp-content/themes/nextpageit/nextpage-templates/allposts.php on line 20

2021-03-30T05:35:30+00:00 CRITICAL syntax error, unexpected 'if' (T_IF) in /opt/lampp/htdocs/paidsurvey/wp-content/themes/nextpageit/nextpage-templates/nextpagesidebar.php on line 47

2021-03-30T05:35:30+00:00 CRITICAL syntax error, unexpected 'if' (T_IF) in /opt/lampp/htdocs/paidsurvey/wp-content/themes/nextpageit/nextpage-templates/nextpagesidebar.php on line 47

2021-03-30T05:35:43+00:00 CRITICAL syntax error, unexpected '}', expecting ',' or ';' in /opt/lampp/htdocs/paidsurvey/wp-content/themes/nextpageit/nextpage-templates/nextpagesidebar.php on line 47

2021-03-30T05:35:44+00:00 CRITICAL syntax error, unexpected '}', expecting ',' or ';' in /opt/lampp/htdocs/paidsurvey/wp-content/themes/nextpageit/nextpage-templates/nextpagesidebar.php on line 47

2021-03-30T05:36:09+00:00 CRITICAL syntax error, unexpected '}', expecting ',' or ';' in /opt/lampp/htdocs/paidsurvey/wp-content/themes/nextpageit/nextpage-templates/nextpagesidebar.php on line 47

2021-03-30T05:36:10+00:00 CRITICAL syntax error, unexpected '}', expecting ',' or ';' in /opt/lampp/htdocs/paidsurvey/wp-content/themes/nextpageit/nextpage-templates/nextpagesidebar.php on line 47

2021-03-30T05:36:59+00:00 CRITICAL syntax error, unexpected 'if' (T_IF) in /opt/lampp/htdocs/paidsurvey/wp-content/themes/nextpageit/nextpage-templates/singlepost.php on line 23

2021-03-30T05:37:16+00:00 CRITICAL syntax error, unexpected '}', expecting ',' or ';' in /opt/lampp/htdocs/paidsurvey/wp-content/themes/nextpageit/nextpage-templates/singlepost.php on line 23

2021-03-30T09:17:17+00:00 CRITICAL syntax error, unexpected '?>', expecting function (T_FUNCTION) or const (T_CONST) in /opt/lampp/htdocs/paidsurvey/wp-content/themes/nextpageit/controllers/theme_controller.php on line 42

2021-03-30T09:24:45+00:00 CRITICAL Uncaught Error: Call to undefined method Theme_Controller::Theme_Controller() in /opt/lampp/htdocs/paidsurvey/wp-content/themes/nextpageit/nextpage-templates/singlepost.php:35
Stack trace:
#0 /opt/lampp/htdocs/paidsurvey/wp-includes/template.php(732): require()
#1 /opt/lampp/htdocs/paidsurvey/wp-includes/template.php(676): load_template('/opt/lampp/htdo...', false, Array)
#2 /opt/lampp/htdocs/paidsurvey/wp-includes/general-template.php(204): locate_template(Array, true, false, Array)
#3 /opt/lampp/htdocs/paidsurvey/wp-content/themes/nextpageit/single.php(17): get_template_part('nextpage-templa...')
#4 /opt/lampp/htdocs/paidsurvey/wp-includes/template-loader.php(106): include('/opt/lampp/htdo...')
#5 /opt/lampp/htdocs/paidsurvey/wp-blog-header.php(19): require_once('/opt/lampp/htdo...')
#6 /opt/lampp/htdocs/paidsurvey/index.php(17): require('/opt/lampp/htdo...')
#7 {main}
  thrown in /opt/lampp/htdocs/paidsurvey/wp-content/themes/nextpageit/nextpage-templates/singlepost.php on line 35

